<?xml version="1.0" encoding="UTF-8"?>
<!-- Generated by org.testng.reporters.JUnitReportReporter -->
<testsuite skipped="0" hostname="Rickys-MacBook-Pro.local" name="demo.StartChrome" tests="1" failures="0" timestamp="04 Sep 2018 20:30:49 GMT" time="109.085" errors="0">
  <testcase name="Signin" time="109.085" classname="demo.StartChrome"/>
</testsuite> <!-- demo.StartChrome -->
